Tempo de execução: 0.7970000000341315 ms
Total de iterações: 27
Total de nós abertos: 42

FECHADO
CRITÉRIO IDENTIFICADOR: 0
L: filha1 filha2 filho1 filho2 mãe pai policial prisioneira | JANGADA
R: 

FECHADO
CRITÉRIO IDENTIFICADOR: 6
L: filha1 filha2 filho1 filho2 mãe pai
R: policial prisioneira | JANGADA

FECHADO
CRITÉRIO IDENTIFICADOR: 5
L: filha1 filha2 filho1 filho2 mãe pai policial | JANGADA
R: prisioneira

FECHADO
CRITÉRIO IDENTIFICADOR: 10
L: filha2 filho1 filho2 mãe pai
R: filha1 policial prisioneira | JANGADA

FECHADO
CRITÉRIO IDENTIFICADOR: 8
L: filha2 filho1 filho2 mãe pai policial prisioneira | JANGADA
R: filha1

FECHADO
CRITÉRIO IDENTIFICADOR: 12
L: filha2 filho1 filho2 policial prisioneira
R: filha1 mãe pai | JANGADA

FECHADO
CRITÉRIO IDENTIFICADOR: 12
L: filho1 filho2 pai policial prisioneira
R: filha1 filha2 mãe | JANGADA

CRITÉRIO IDENTIFICADOR: 8
L: filha1 filho1 filho2 mãe pai policial prisioneira | JANGADA
R: filha2

FECHADO
CRITÉRIO IDENTIFICADOR: 10
L: filho1 filho2 mãe pai policial prisioneira | JANGADA
R: filha1 filha2

FECHADO
CRITÉRIO IDENTIFICADOR: 16
L: filho1 filho2 mãe pai
R: filha1 filha2 policial prisioneira | JANGADA

FECHADO
CRITÉRIO IDENTIFICADOR: 14
L: filho1 filho2 policial prisioneira
R: filha1 filha2 mãe pai | JANGADA

FECHADO
CRITÉRIO IDENTIFICADOR: 12
L: filho1 filho2 pai policial prisioneira | JANGADA
R: filha1 filha2 mãe

FECHADO
CRITÉRIO IDENTIFICADOR: 18
L: filho1 filho2 pai
R: filha1 filha2 mãe policial prisioneira | JANGADA

CRITÉRIO IDENTIFICADOR: 14
L: filha1 filho1 filho2 mãe pai | JANGADA
R: filha2 policial prisioneira

CRITÉRIO IDENTIFICADOR: 14
L: filha2 filho1 filho2 mãe pai | JANGADA
R: filha1 policial prisioneira

FECHADO
CRITÉRIO IDENTIFICADOR: 16
L: filho1 filho2 mãe pai | JANGADA
R: filha1 filha2 policial prisioneira

FECHADO
CRITÉRIO IDENTIFICADOR: 20
L: filho1 filho2
R: filha1 filha2 mãe pai policial prisioneira | JANGADA

FECHADO
CRITÉRIO IDENTIFICADOR: 18
L: filho1 filho2 policial prisioneira | JANGADA
R: filha1 filha2 mãe pai

FECHADO
CRITÉRIO IDENTIFICADOR: 18
L: filho1 filho2 pai | JANGADA
R: filha1 filha2 mãe policial prisioneira

FECHADO
CRITÉRIO IDENTIFICADOR: 22
L: filho2
R: filha1 filha2 filho1 mãe pai policial prisioneira | JANGADA

FECHADO
CRITÉRIO IDENTIFICADOR: 20
L: filho2 policial prisioneira | JANGADA
R: filha1 filha2 filho1 mãe pai

FECHADO
CRITÉRIO IDENTIFICADOR: 25
L: prisioneira
R: filha1 filha2 filho1 filho2 mãe pai policial | JANGADA

FECHADO
CRITÉRIO IDENTIFICADOR: 24
L: policial prisioneira | JANGADA
R: filha1 filha2 filho1 filho2 mãe pai

CRITÉRIO IDENTIFICADOR: 30
L: 
R: filha1 filha2 filho1 filho2 mãe pai policial prisioneira | JANGADA

CRITÉRIO IDENTIFICADOR: 22
L: filha1 policial prisioneira | JANGADA
R: filha2 filho1 filho2 mãe pai

CRITÉRIO IDENTIFICADOR: 22
L: filha2 policial prisioneira | JANGADA
R: filha1 filho1 filho2 mãe pai

CRITÉRIO IDENTIFICADOR: 22
L: filho1 policial prisioneira | JANGADA
R: filha1 filha2 filho2 mãe pai

CRITÉRIO IDENTIFICADOR: 18
L: filho2 mãe pai | JANGADA
R: filha1 filha2 filho1 policial prisioneira

FECHADO
CRITÉRIO IDENTIFICADOR: 22
L: filho1
R: filha1 filha2 filho2 mãe pai policial prisioneira | JANGADA

CRITÉRIO IDENTIFICADOR: 20
L: filho1 policial prisioneira | JANGADA
R: filha1 filha2 filho2 mãe pai

CRITÉRIO IDENTIFICADOR: 18
L: filho1 mãe pai | JANGADA
R: filha1 filha2 filho2 policial prisioneira

FECHADO
CRITÉRIO IDENTIFICADOR: 16
L: filho2 policial prisioneira
R: filha1 filha2 filho1 mãe pai | JANGADA

CRITÉRIO IDENTIFICADOR: 12
L: filho2 mãe pai policial prisioneira | JANGADA
R: filha1 filha2 filho1

FECHADO
CRITÉRIO IDENTIFICADOR: 16
L: filho1 policial prisioneira
R: filha1 filha2 filho2 mãe pai | JANGADA

CRITÉRIO IDENTIFICADOR: 12
L: filho1 mãe pai policial prisioneira | JANGADA
R: filha1 filha2 filho2

FECHADO
CRITÉRIO IDENTIFICADOR: 10
L: filha1 filho1 filho2 mãe pai
R: filha2 policial prisioneira | JANGADA

CRITÉRIO IDENTIFICADOR: 8
L: filha1 filho1 filho2 mãe pai policial prisioneira | JANGADA
R: filha2

FECHADO
CRITÉRIO IDENTIFICADOR: 10
L: filha1 filha2 filho2 mãe pai
R: filho1 policial prisioneira | JANGADA

CRITÉRIO IDENTIFICADOR: 8
L: filha1 filha2 filho2 mãe pai policial prisioneira | JANGADA
R: filho1

FECHADO
CRITÉRIO IDENTIFICADOR: 10
L: filha1 filha2 filho1 mãe pai
R: filho2 policial prisioneira | JANGADA

CRITÉRIO IDENTIFICADOR: 8
L: filha1 filha2 filho1 mãe pai policial prisioneira | JANGADA
R: filho2

CRITÉRIO IDENTIFICADOR: 4
L: filha1 filha2 filho1 filho2 policial prisioneira
R: mãe pai | JANGADA

