Tempo de execução: 1.707899999928486 ms
Total de iterações: 59
Total de nós abertos: 69

FECHADO
L: filha1 filha2 filho1 filho2 mãe pai policial prisioneira | JANGADA
R: 

FECHADO
L: filha1 filha2 filho1 filho2 mãe pai
R: policial prisioneira | JANGADA

FECHADO
L: filha1 filha2 filho1 filho2 policial prisioneira
R: mãe pai | JANGADA

FECHADO
L: filha1 filha2 filho1 filho2 mãe pai policial | JANGADA
R: prisioneira

L: filha2 filho1 filho2 mãe pai
R: filha1 policial prisioneira | JANGADA

L: filha1 filho1 filho2 mãe pai
R: filha2 policial prisioneira | JANGADA

L: filha1 filha2 filho2 mãe pai
R: filho1 policial prisioneira | JANGADA

FECHADO
L: filha1 filha2 filho1 mãe pai
R: filho2 policial prisioneira | JANGADA

FECHADO
L: filha1 filha2 filho1 mãe pai policial prisioneira | JANGADA
R: filho2

L: filha1 filha2 filho1 policial prisioneira
R: filho2 mãe pai | JANGADA

FECHADO
L: filha1 filha2 mãe policial prisioneira
R: filho1 filho2 pai | JANGADA

L: filha1 filha2 filho2 mãe pai policial prisioneira | JANGADA
R: filho1

FECHADO
L: filha1 filha2 mãe pai policial prisioneira | JANGADA
R: filho1 filho2

L: filha1 filha2 mãe pai
R: filho1 filho2 policial prisioneira | JANGADA

FECHADO
L: filha1 filha2 policial prisioneira
R: filho1 filho2 mãe pai | JANGADA

FECHADO
L: filha1 filha2 mãe policial prisioneira | JANGADA
R: filho1 filho2 pai

FECHADO
L: filha1 filha2 mãe
R: filho1 filho2 pai policial prisioneira | JANGADA

FECHADO
L: filha2 policial prisioneira
R: filha1 filho1 filho2 mãe pai | JANGADA

FECHADO
L: filha1 policial prisioneira
R: filha2 filho1 filho2 mãe pai | JANGADA

FECHADO
L: filha1 mãe pai policial prisioneira | JANGADA
R: filha2 filho1 filho2

FECHADO
L: filha1 mãe pai
R: filha2 filho1 filho2 policial prisioneira | JANGADA

FECHADO
L: filha2 mãe pai policial prisioneira | JANGADA
R: filha1 filho1 filho2

FECHADO
L: filha2 mãe pai
R: filha1 filho1 filho2 policial prisioneira | JANGADA

L: filha1 filha2 filho1 mãe pai | JANGADA
R: filho2 policial prisioneira

L: filha1 filha2 filho2 mãe pai | JANGADA
R: filho1 policial prisioneira

FECHADO
L: filha1 filha2 mãe pai | JANGADA
R: filho1 filho2 policial prisioneira

FECHADO
L: filha1 filha2
R: filho1 filho2 mãe pai policial prisioneira | JANGADA

L: filha1 filha2 policial prisioneira | JANGADA
R: filho1 filho2 mãe pai

FECHADO
L: filha1 filha2 mãe | JANGADA
R: filho1 filho2 pai policial prisioneira

L: filha2
R: filha1 filho1 filho2 mãe pai policial prisioneira | JANGADA

FECHADO
L: filha1
R: filha2 filho1 filho2 mãe pai policial prisioneira | JANGADA

FECHADO
L: filha1 policial prisioneira | JANGADA
R: filha2 filho1 filho2 mãe pai

FECHADO
L: filha1 mãe pai | JANGADA
R: filha2 filho1 filho2 policial prisioneira

FECHADO
L: prisioneira
R: filha1 filha2 filho1 filho2 mãe pai policial | JANGADA

FECHADO
L: policial prisioneira | JANGADA
R: filha1 filha2 filho1 filho2 mãe pai

FECHADO
L: filha2 policial prisioneira | JANGADA
R: filha1 filho1 filho2 mãe pai

FECHADO
L: filho1 policial prisioneira | JANGADA
R: filha1 filha2 filho2 mãe pai

FECHADO
L: filho2 policial prisioneira | JANGADA
R: filha1 filha2 filho1 mãe pai

FECHADO
L: filho2
R: filha1 filha2 filho1 mãe pai policial prisioneira | JANGADA

FECHADO
L: filho2 mãe pai | JANGADA
R: filha1 filha2 filho1 policial prisioneira

FECHADO
L: filho1 filho2 pai | JANGADA
R: filha1 filha2 mãe policial prisioneira

FECHADO
L: filho1
R: filha1 filha2 filho2 mãe pai policial prisioneira | JANGADA

FECHADO
L: filho1 filho2
R: filha1 filha2 mãe pai policial prisioneira | JANGADA

FECHADO
L: filho1 filho2 policial prisioneira | JANGADA
R: filha1 filha2 mãe pai

FECHADO
L: filho1 filho2 mãe pai | JANGADA
R: filha1 filha2 policial prisioneira

FECHADO
L: filho1 filho2 pai
R: filha1 filha2 mãe policial prisioneira | JANGADA

FECHADO
L: filho1 filho2 pai policial prisioneira | JANGADA
R: filha1 filha2 mãe

FECHADO
L: filha1 filho1 filho2 mãe pai | JANGADA
R: filha2 policial prisioneira

FECHADO
L: filha2 filho1 filho2 mãe pai | JANGADA
R: filha1 policial prisioneira

FECHADO
L: filha2 filho1 filho2
R: filha1 mãe pai policial prisioneira | JANGADA

FECHADO
L: filha2 filho1 filho2 policial prisioneira | JANGADA
R: filha1 mãe pai

FECHADO
L: filha1 filho1 filho2
R: filha2 mãe pai policial prisioneira | JANGADA

FECHADO
L: filha1 filho1 filho2 policial prisioneira | JANGADA
R: filha2 mãe pai

FECHADO
L: filho2 policial prisioneira
R: filha1 filha2 filho1 mãe pai | JANGADA

FECHADO
L: filho1 policial prisioneira
R: filha1 filha2 filho2 mãe pai | JANGADA

FECHADO
L: filho1 filho2 policial prisioneira
R: filha1 filha2 mãe pai | JANGADA

FECHADO
L: filho1 filho2 mãe pai policial prisioneira | JANGADA
R: filha1 filha2

FECHADO
L: filho1 filho2 mãe pai
R: filha1 filha2 policial prisioneira | JANGADA

FECHADO
L: filho1 filho2 pai policial prisioneira
R: filha1 filha2 mãe | JANGADA

FECHADO
L: filha1 filho1 filho2 mãe pai policial prisioneira | JANGADA
R: filha2

FECHADO
L: filha2 filho1 filho2 mãe pai policial prisioneira | JANGADA
R: filha1

FECHADO
L: filha2 filho1 filho2 policial prisioneira
R: filha1 mãe pai | JANGADA

FECHADO
L: filha1 filho1 filho2 policial prisioneira
R: filha2 mãe pai | JANGADA

FECHADO
L: filho1 mãe pai policial prisioneira | JANGADA
R: filha1 filha2 filho2

FECHADO
L: filho1 mãe pai
R: filha1 filha2 filho2 policial prisioneira | JANGADA

FECHADO
L: filho2 mãe pai policial prisioneira | JANGADA
R: filha1 filha2 filho1

FECHADO
L: filho2 mãe pai
R: filha1 filha2 filho1 policial prisioneira | JANGADA

FECHADO
L: filho1 mãe pai | JANGADA
R: filha1 filha2 filho2 policial prisioneira

L: 
R: filha1 filha2 filho1 filho2 mãe pai policial prisioneira | JANGADA

